[INFO ] 02-06-2017 11:11:38.935 [localhost-startStop-1] ContextLoader - Root WebApplicationContext: initialization completed in 2312 ms
[INFO ] 02-06-2017 11:11:39.302 [main] RequestMappingHandlerAdapter - Looking for @ControllerAdvice: org.springframework.boot.context.embedded.AnnotationConfigEmbeddedWebApplicationContext@47d9a273: startup date [Fri Jun 02 11:11:36 ICT 2017]; root of context hierarchy
[INFO ] 02-06-2017 11:11:39.362 [main] RequestMappingHandlerMapping - Mapped "{[/]}" onto java.lang.String com.log.config.log4j2.controller.SampleController.hello()
[INFO ] 02-06-2017 11:11:39.366 [main] RequestMappingHandlerMapping - Mapped "{[/error]}" onto public org.springframework.http.ResponseEntity<java.util.Map<java.lang.String, java.lang.Object>> org.springframework.boot.autoconfigure.web.BasicErrorController.error(javax.servlet.http.HttpServletRequest)
[INFO ] 02-06-2017 11:11:39.368 [main] RequestMappingHandlerMapping - Mapped "{[/error],produces=[text/html]}" onto public org.springframework.web.servlet.ModelAndView org.springframework.boot.autoconfigure.web.BasicErrorController.errorHtml(javax.servlet.http.HttpServletRequest,javax.servlet.http.HttpServletResponse)
[INFO ] 02-06-2017 11:11:39.394 [main] SimpleUrlHandlerMapping - Mapped URL path [/webjars/**] onto handler of type [class org.springframework.web.servlet.resource.ResourceHttpRequestHandler]
[INFO ] 02-06-2017 11:11:39.394 [main] SimpleUrlHandlerMapping - Mapped URL path [/**] onto handler of type [class org.springframework.web.servlet.resource.ResourceHttpRequestHandler]
[INFO ] 02-06-2017 11:11:39.435 [main] SimpleUrlHandlerMapping - Mapped URL path [/**/favicon.ico] onto handler of type [class org.springframework.web.servlet.resource.ResourceHttpRequestHandler]
[INFO ] 02-06-2017 11:13:17.000 [http-nio-8080-exec-1] DispatcherServlet - FrameworkServlet 'dispatcherServlet': initialization started
[INFO ] 02-06-2017 11:13:17.014 [http-nio-8080-exec-1] DispatcherServlet - FrameworkServlet 'dispatcherServlet': initialization completed in 14 ms
[INFO ] 02-06-2017 11:20:56.783 [localhost-startStop-1] ContextLoader - Root WebApplicationContext: initialization completed in 1342 ms
[INFO ] 02-06-2017 11:20:57.163 [main] RequestMappingHandlerAdapter - Looking for @ControllerAdvice: org.springframework.boot.context.embedded.AnnotationConfigEmbeddedWebApplicationContext@4d02f94e: startup date [Fri Jun 02 11:20:55 ICT 2017]; root of context hierarchy
[INFO ] 02-06-2017 11:20:57.227 [main] RequestMappingHandlerMapping - Mapped "{[/]}" onto java.lang.String com.log.config.log4j2.controller.SampleController.hello()
[INFO ] 02-06-2017 11:20:57.231 [main] RequestMappingHandlerMapping - Mapped "{[/error]}" onto public org.springframework.http.ResponseEntity<java.util.Map<java.lang.String, java.lang.Object>> org.springframework.boot.autoconfigure.web.BasicErrorController.error(javax.servlet.http.HttpServletRequest)
[INFO ] 02-06-2017 11:20:57.232 [main] RequestMappingHandlerMapping - Mapped "{[/error],produces=[text/html]}" onto public org.springframework.web.servlet.ModelAndView org.springframework.boot.autoconfigure.web.BasicErrorController.errorHtml(javax.servlet.http.HttpServletRequest,javax.servlet.http.HttpServletResponse)
[INFO ] 02-06-2017 11:20:57.267 [main] SimpleUrlHandlerMapping - Mapped URL path [/webjars/**] onto handler of type [class org.springframework.web.servlet.resource.ResourceHttpRequestHandler]
[INFO ] 02-06-2017 11:20:57.267 [main] SimpleUrlHandlerMapping - Mapped URL path [/**] onto handler of type [class org.springframework.web.servlet.resource.ResourceHttpRequestHandler]
[INFO ] 02-06-2017 11:20:57.295 [main] SimpleUrlHandlerMapping - Mapped URL path [/**/favicon.ico] onto handler of type [class org.springframework.web.servlet.resource.ResourceHttpRequestHandler]
[INFO ] 02-06-2017 11:24:02.277 [localhost-startStop-1] ContextLoader - Root WebApplicationContext: initialization completed in 1434 ms
[INFO ] 02-06-2017 11:24:02.684 [main] RequestMappingHandlerAdapter - Looking for @ControllerAdvice: org.springframework.boot.context.embedded.AnnotationConfigEmbeddedWebApplicationContext@4d02f94e: startup date [Fri Jun 02 11:24:00 ICT 2017]; root of context hierarchy
[INFO ] 02-06-2017 11:24:02.746 [main] RequestMappingHandlerMapping - Mapped "{[/]}" onto java.lang.String com.log.config.log4j2.controller.SampleController.hello()
[INFO ] 02-06-2017 11:24:02.750 [main] RequestMappingHandlerMapping - Mapped "{[/error]}" onto public org.springframework.http.ResponseEntity<java.util.Map<java.lang.String, java.lang.Object>> org.springframework.boot.autoconfigure.web.BasicErrorController.error(javax.servlet.http.HttpServletRequest)
[INFO ] 02-06-2017 11:24:02.751 [main] RequestMappingHandlerMapping - Mapped "{[/error],produces=[text/html]}" onto public org.springframework.web.servlet.ModelAndView org.springframework.boot.autoconfigure.web.BasicErrorController.errorHtml(javax.servlet.http.HttpServletRequest,javax.servlet.http.HttpServletResponse)
[INFO ] 02-06-2017 11:24:02.781 [main] SimpleUrlHandlerMapping - Mapped URL path [/webjars/**] onto handler of type [class org.springframework.web.servlet.resource.ResourceHttpRequestHandler]
[INFO ] 02-06-2017 11:24:02.782 [main] SimpleUrlHandlerMapping - Mapped URL path [/**] onto handler of type [class org.springframework.web.servlet.resource.ResourceHttpRequestHandler]
[INFO ] 02-06-2017 11:24:02.820 [main] SimpleUrlHandlerMapping - Mapped URL path [/**/favicon.ico] onto handler of type [class org.springframework.web.servlet.resource.ResourceHttpRequestHandler]
[INFO ] 02-06-2017 11:24:15.563 [http-nio-8080-exec-1] DispatcherServlet - FrameworkServlet 'dispatcherServlet': initialization started
[INFO ] 02-06-2017 11:24:15.578 [http-nio-8080-exec-1] DispatcherServlet - FrameworkServlet 'dispatcherServlet': initialization completed in 15 ms
